checking dependencies...
:: flameshot-git optionally requires xdg-desktop-portal-wlr: To make Sway, Hyprland, and wlroots work
:: hyprshot optionally requires hyprpicker: to freeze the screen while taking the screenshot
:: xdg-desktop-portal optionally requires xdg-desktop-portal-impl: Portal backends

Package (11)                     Old Version            Net Change

aquamarine-git                   0.1.0_r148.g601f6cf-1   -1,12 MiB
hyprcursor-git                   0.1.9.r11.g912d5602-1   -0,63 MiB
hypridle-git                     0.1.2.r5.g7c5747b7-1    -0,18 MiB
hyprland-git                     0.43.0.r56.0a211f29-1  -55,13 MiB
hyprlang-git                     0.5.2.r12.gdfeb5811-1   -0,23 MiB
hyprlock-git                     0.3.0.r34.g0f66aeac-1   -0,62 MiB
hyprpaper-git                    0.7.1.r4.g1c18ad6-1     -0,16 MiB
hyprpicker-git                   0.3.0.r12.38fe668-1     -0,06 MiB
hyprutils-git                    0.2.2.r0.gd97af4f6-1    -0,11 MiB
hyprwayland-scanner-git          0.4.2.r1.g500c81a9-1    -0,18 MiB
xdg-desktop-portal-hyprland-git  1.3.5.r0.g4880c501-1    -0,58 MiB

Total Removed Size:  59,01 MiB

:: Do you want to remove these packages? [Y/n] 
:: Processing package changes...
removing xdg-desktop-portal-hyprland-git...
removing hyprpicker-git...
removing hyprpaper-git...
removing hyprwayland-scanner-git...
removing hyprlock-git...
removing hypridle-git...
removing hyprland-git...
removing hyprcursor-git...
removing hyprlang-git...
removing aquamarine-git...
removing hyprutils-git...
:: Running post-transaction hooks...
(1/2) Reloading user manager configuration...
(2/2) Arming ConditionNeedsUpdate...
Sync Explicit (7): hyprlang-0.5.2-1, hyprlock-0.4.1-1, hyprutils-0.2.3-1, hyprwayland-scanner-0.4.2-1, xdg-desktop-portal-hyprland-1.3.5-1, hyprland-0.43.0-1, hypridle-0.1.2-1
resolving dependencies...
looking for conflicting packages...

Package (10)                       New Version  Net Change  Download Size

extra/aquamarine                   0.4.1-1        1,17 MiB       0,33 MiB
extra/hyprcursor                   0.1.9-1        0,61 MiB       0,19 MiB
extra/vulkan-validation-layers     1.3.290-2     23,67 MiB       5,91 MiB
extra/hypridle                     0.1.2-1        0,13 MiB       0,05 MiB
extra/hyprland                     0.43.0-1       8,61 MiB       2,17 MiB
extra/hyprlang                     0.5.2-1        0,23 MiB       0,09 MiB
extra/hyprlock                     0.4.1-1        0,45 MiB       0,18 MiB
extra/hyprutils                    0.2.3-1        0,21 MiB       0,08 MiB
extra/hyprwayland-scanner          0.4.2-1        0,18 MiB       0,08 MiB
extra/xdg-desktop-portal-hyprland  1.3.5-1        0,58 MiB       0,21 MiB

Total Download Size:    9,29 MiB
Total Installed Size:  35,84 MiB

:: Proceed with installation? [Y/n] 
:: Retrieving packages...
 vulkan-validation-layers-1.3.290-2-x86_64 downloading...
 hyprland-0.43.0-1-x86_64 downloading...
 aquamarine-0.4.1-1-x86_64 downloading...
 xdg-desktop-portal-hyprland-1.3.5-1-x86_64 downloading...
 hyprcursor-0.1.9-1-x86_64 downloading...
 hyprlock-0.4.1-1-x86_64 downloading...
 hyprlang-0.5.2-1-x86_64 downloading...
 hyprutils-0.2.3-1-x86_64 downloading...
 hyprwayland-scanner-0.4.2-1-x86_64 downloading...
 hypridle-0.1.2-1-x86_64 downloading...
checking keyring...
checking package integrity...
loading package files...
checking for file conflicts...
checking available disk space...
:: Processing package changes...
installing hyprlang...
installing hyprutils...
installing hyprwayland-scanner...
installing xdg-desktop-portal-hyprland...
Optional dependencies for xdg-desktop-portal-hyprland
    grim: required for the screenshot portal to function [installed]
    slurp: support for interactive mode for the screenshot portal [installed]
installing aquamarine...
installing hyprcursor...
installing vulkan-validation-layers...
installing hyprland...
Optional dependencies for hyprland
    cmake: to build and install plugins using hyprpm [installed]
    cpio: to build and install plugins using hyprpm [installed]
    meson: to build and install plugins using hyprpm [installed]
installing hypridle...
installing hyprlock...
:: Running post-transaction hooks...
(1/2) Reloading user manager configuration...
(2/2) Arming ConditionNeedsUpdate...
AUR Explicit (2): hyprpicker-0.3.0-1, hyprshot-1.3.0-1
Sync Dependency (1): hyprcursor-0.1.9-1
Sync Explicit (1): hyprpaper-0.7.1-1
:: [1mPKGBUILD up to date, skipping download: hyprpicker[0m
:: [1mPKGBUILD up to date, skipping download: hyprshot[0m
  2 hyprpicker                               (Build Files Exist)
  1 hyprshot                                 (Build Files Exist)
==> Packages to cleanBuild?
==> [N]one [A]ll [Ab]ort [I]nstalled [No]tInstalled or (1 2 3, 1-3, ^4)
==> 
  2 hyprpicker                               (Build Files Exist)
  1 hyprshot                                 (Build Files Exist)
==> Diffs to show?
==> [N]one [A]ll [Ab]ort [I]nstalled [No]tInstalled or (1 2 3, 1-3, ^4)
==> 
[1m[32m==>(B[m[1m Making package: hyprpicker 0.3.0-1 (Do 26 Sep 2024 13:02:42 CEST)(B[m
[1m[32m==>(B[m[1m Retrieving sources...(B[m
[1m[34m  ->(B[m[1m Found hyprpicker-0.3.0.tar.gz(B[m
[1m[32m==>(B[m[1m Validating source files with sha256sums...(B[m
[1m[32m==>(B[m[1m Making package: hyprshot 1.3.0-1 (Do 26 Sep 2024 13:02:42 CEST)(B[m
[1m[32m==>(B[m[1m Retrieving sources...(B[m
[1m[34m  ->(B[m[1m Found Hyprshot-1.3.0.tar.gz(B[m
[1m[32m==>(B[m[1m Validating source files with sha512sums...(B[m
:: [1m(1/2) Parsing SRCINFO: hyprpicker[0m
:: [1m(2/2) Parsing SRCINFO: hyprshot[0m
resolving dependencies...
looking for conflicting packages...

Package (3)        Old Version  New Version  Net Change  Download Size

extra/wlroots0.17               0.17.4-3       1,37 MiB       0,42 MiB
extra/hyprcursor   0.1.9-1      0.1.9-1        0,00 MiB               
extra/hyprpaper                 0.7.1-1        0,17 MiB       0,06 MiB

Total Download Size:   0,48 MiB
Total Installed Size:  2,15 MiB
Net Upgrade Size:      1,53 MiB

:: Proceed with installation? [Y/n] 
:: Retrieving packages...
 wlroots0.17-0.17.4-3-x86_64 downloading...
 hyprpaper-0.7.1-1-x86_64 downloading...
checking keyring...
checking package integrity...
loading package files...
checking for file conflicts...
checking available disk space...
:: Running pre-transaction hooks...
(1/1) Creating Timeshift snapshot before upgrade...
Using system disk as snapshot device for creating snapshots in BTRFS mode
Mounted '/dev/nvme1n1p7' at '/run/timeshift/32263/backup'
btrfs: Quotas are not enabled
Creating new backup...(BTRFS)
Saving to device: /dev/nvme1n1p7, mounted at path: /run/timeshift/32263/backup
Created directory: /run/timeshift/32263/backup/timeshift-btrfs/snapshots/2024-09-26_13-02-43
Created subvolume snapshot: /run/timeshift/32263/backup/timeshift-btrfs/snapshots/2024-09-26_13-02-43/@
Created subvolume snapshot: /run/timeshift/32263/backup/timeshift-btrfs/snapshots/2024-09-26_13-02-43/@home
Created control file: /run/timeshift/32263/backup/timeshift-btrfs/snapshots/2024-09-26_13-02-43/info.json
BTRFS Snapshot saved successfully (0s)
Tagged snapshot '2024-09-26_13-02-43': ondemand
------------------------------------------------------------------------------
Mounted '/dev/nvme1n1p7' at '/run/timeshift/32412/backup'
btrfs: Quotas are not enabled
------------------------------------------------------------------------------
Removing snapshot: 2024-09-23_20-26-10
Deleting subvolume: @home (Id:1399)
Deleted subvolume: @home (Id:1399)

Deleting subvolume: @ (Id:1398)
Deleted subvolume: @ (Id:1398)

Deleted directory: /run/timeshift/32412/backup/timeshift-btrfs/snapshots/2024-09-23_20-26-10
Removed snapshot: 2024-09-23_20-26-10
------------------------------------------------------------------------------
Generating grub configuration file ...
Found theme: /boot/grub/themes/catppuccin-mocha/theme.txt
Found linux image: /boot/vmlinuz-linux-zen
Found initrd image: /boot/amd-ucode.img /boot/initramfs-linux-zen.img
Found fallback initrd image(s) in /boot:  amd-ucode.img initramfs-linux-zen-fallback.img
Found linux image: /boot/vmlinuz-linux
Found initrd image: /boot/amd-ucode.img /boot/initramfs-linux.img
Found fallback initrd image(s) in /boot:  amd-ucode.img initramfs-linux-fallback.img
Warning: os-prober will be executed to detect other bootable partitions.
Its output will be used to detect bootable binaries on them and create new boot entries.
Found Windows Boot Manager on /dev/nvme1n1p1@/EFI/Microsoft/Boot/bootmgfw.efi
Adding boot menu entry for UEFI Firmware Settings ...
Detecting snapshots ...
Found snapshot: 2024-09-26 13:02:43 | timeshift-btrfs/snapshots/2024-09-26_13-02-43/@ | ondemand       | {timeshift-autosnap} {created before upgrade}   |
Found snapshot: 2024-09-25 21:24:00 | timeshift-btrfs/snapshots/2024-09-25_21-24-00/@ | ondemand daily | {timeshift-autosnap} {created before upgrade}   |
Found snapshot: 2024-09-25 10:22:48 | timeshift-btrfs/snapshots/2024-09-25_10-22-48/@ | ondemand       | {timeshift-autosnap} {created before upgrade}   |
Found snapshot: 2024-09-24 20:00:00 | timeshift-btrfs/snapshots/2024-09-24_20-00-00/@ | daily          | N/A                                             |
Found snapshot: 2024-09-24 19:00:01 | timeshift-btrfs/snapshots/2024-09-24_19-00-01/@ | weekly         | N/A                                             |
Found snapshot: 2024-09-20 21:22:10 | timeshift-btrfs/snapshots/2024-09-20_21-24-52/@ | ondemand       | Before restoring 'Do 19 Sep 2024 23:00:00 CEST' |
Found 6 snapshot(s)
Unmount /tmp/grub-btrfs.ltDdUIMMgV .. Success
Found memtest86+ image: /boot/memtest86+/memtest.bin
/usr/bin/grub-probe: warning: unknown device type nvme1n1.
Found memtest86+ EFI image: /boot/memtest86+/memtest.efi
/usr/bin/grub-probe: warning: unknown device type nvme1n1.
done
:: Processing package changes...
reinstalling hyprcursor...
installing wlroots0.17...
Optional dependencies for wlroots0.17
    xorg-xwayland: Xwayland support [installed]
installing hyprpaper...
:: Running post-transaction hooks...
(1/1) Arming ConditionNeedsUpdate...
[1m[32m==>(B[m[1m Making package: hyprpicker 0.3.0-1 (Do 26 Sep 2024 13:02:48 CEST)(B[m
[1m[32m==>(B[m[1m Checking runtime dependencies...(B[m
[1m[32m==>(B[m[1m Checking buildtime dependencies...(B[m
[1m[32m==>(B[m[1m Retrieving sources...(B[m
[1m[34m  ->(B[m[1m Found hyprpicker-0.3.0.tar.gz(B[m
[1m[32m==>(B[m[1m Validating source files with sha256sums...(B[m
[1m[32m==>(B[m[1m Removing existing $srcdir/ directory...(B[m
[1m[32m==>(B[m[1m Extracting sources...(B[m
[1m[34m  ->(B[m[1m Extracting hyprpicker-0.3.0.tar.gz with bsdtar(B[m
[1m[32m==>(B[m[1m Sources are ready.(B[m
[1m[32m==>(B[m[1m Making package: hyprpicker 0.3.0-1 (Do 26 Sep 2024 13:02:49 CEST)(B[m
[1m[32m==>(B[m[1m Checking runtime dependencies...(B[m
[1m[32m==>(B[m[1m Checking buildtime dependencies...(B[m
[1m[32m==>(B[m[1m Starting build()...(B[m
-- The C compiler identification is GNU 14.2.1
-- The CXX compiler identification is GNU 14.2.1
-- Detecting C compiler ABI info
-- Detecting C compiler ABI info - done
-- Check for working C compiler: /usr/bin/gcc - skipped
-- Detecting C compile features
-- Detecting C compile features - done
-- Detecting CXX compiler ABI info
-- Detecting CXX compiler ABI info - done
-- Check for working CXX compiler: /usr/bin/g++ - skipped
-- Detecting CXX compile features
-- Detecting CXX compile features - done
-- Configuring hyprpicker!
-- Found WaylandScanner at /usr/bin/wayland-scanner
-- Found wayland-protocols at //usr/share/wayland-protocols
-- Performing Test CMAKE_HAVE_LIBC_PTHREAD
-- Performing Test CMAKE_HAVE_LIBC_PTHREAD - Success
-- Found Threads: TRUE
-- Found PkgConfig: /usr/bin/pkg-config (found version "2.1.1")
-- Checking for modules 'wayland-client;wayland-protocols;xkbcommon;cairo;pango;pangocairo;libjpeg'
--   Found wayland-client, version 1.23.1
--   Found wayland-protocols, version 1.37
--   Found xkbcommon, version 1.7.0
--   Found cairo, version 1.18.2
--   Found pango, version 1.54.0
--   Found pangocairo, version 1.54.0
--   Found libjpeg, version 3.0.4
-- Configuring done (0.8s)
-- Generating done (0.0s)
-- Build files have been written to: /home/activ/.cache/yay/hyprpicker/src/build
[  7%] Building CXX object CMakeFiles/hyprpicker.dir/src/clipboard/Clipboard.cpp.o
[ 15%] Building CXX object CMakeFiles/hyprpicker.dir/src/debug/Log.cpp.o
[ 23%] Building CXX object CMakeFiles/hyprpicker.dir/src/events/Events.cpp.o
[ 30%] Building CXX object CMakeFiles/hyprpicker.dir/src/helpers/LayerSurface.cpp.o
[ 38%] Building CXX object CMakeFiles/hyprpicker.dir/src/helpers/Vector2D.cpp.o
[ 46%] Building CXX object CMakeFiles/hyprpicker.dir/src/hyprpicker.cpp.o
[ 53%] Building CXX object CMakeFiles/hyprpicker.dir/src/main.cpp.o
[ 61%] Building C object CMakeFiles/hyprpicker.dir/wlr-layer-shell-unstable-v1-protocol.c.o
[ 69%] Building C object CMakeFiles/hyprpicker.dir/wlr-screencopy-unstable-v1-protocol.c.o
[ 76%] Building C object CMakeFiles/hyprpicker.dir/xdg-shell-protocol.c.o
[ 84%] Building C object CMakeFiles/hyprpicker.dir/wp-cursor-shape-v1-protocol.c.o
[ 92%] Building C object CMakeFiles/hyprpicker.dir/tablet-unstable-v2-protocol.c.o
[100%] Linking CXX executable hyprpicker
[100%] Built target hyprpicker
[1m[32m==>(B[m[1m Entering fakeroot environment...(B[m
[1m[32m==>(B[m[1m Starting package()...(B[m
[1m[32m==>(B[m[1m Tidying install...(B[m
[1m[34m  ->(B[m[1m Removing libtool files...(B[m
[1m[34m  ->(B[m[1m Purging unwanted files...(B[m
[1m[34m  ->(B[m[1m Removing static library files...(B[m
[1m[34m  ->(B[m[1m Stripping unneeded symbols from binaries and libraries...(B[m
[1m[34m  ->(B[m[1m Compressing man and info pages...(B[m
[1m[32m==>(B[m[1m Checking for packaging issues...(B[m
[1m[32m==>(B[m[1m Creating package "hyprpicker"...(B[m
[1m[34m  ->(B[m[1m Generating .PKGINFO file...(B[m
[1m[34m  ->(B[m[1m Generating .BUILDINFO file...(B[m
[1m[34m  ->(B[m[1m Generating .MTREE file...(B[m
[1m[34m  ->(B[m[1m Compressing package...(B[m
[1m[32m==>(B[m[1m Creating package "hyprpicker-debug"...(B[m
[1m[34m  ->(B[m[1m Generating .PKGINFO file...(B[m
[1m[34m  ->(B[m[1m Generating .BUILDINFO file...(B[m
[1m[34m  ->(B[m[1m Generating .MTREE file...(B[m
[1m[34m  ->(B[m[1m Compressing package...(B[m
[1m[32m==>(B[m[1m Leaving fakeroot environment.(B[m
[1m[32m==>(B[m[1m Finished making: hyprpicker 0.3.0-1 (Do 26 Sep 2024 13:03:00 CEST)(B[m
[1m[32m==>(B[m[1m Cleaning up...(B[m
[1m[32m==>(B[m[1m Making package: hyprshot 1.3.0-1 (Do 26 Sep 2024 13:03:00 CEST)(B[m
[1m[32m==>(B[m[1m Checking runtime dependencies...(B[m
[1m[32m==>(B[m[1m Checking buildtime dependencies...(B[m
[1m[32m==>(B[m[1m Retrieving sources...(B[m
[1m[34m  ->(B[m[1m Found Hyprshot-1.3.0.tar.gz(B[m
[1m[32m==>(B[m[1m Validating source files with sha512sums...(B[m
[1m[32m==>(B[m[1m Removing existing $srcdir/ directory...(B[m
[1m[32m==>(B[m[1m Extracting sources...(B[m
[1m[34m  ->(B[m[1m Extracting Hyprshot-1.3.0.tar.gz with bsdtar(B[m
[1m[32m==>(B[m[1m Sources are ready.(B[m
[1m[32m==>(B[m[1m Making package: hyprshot 1.3.0-1 (Do 26 Sep 2024 13:03:02 CEST)(B[m
[1m[32m==>(B[m[1m Checking runtime dependencies...(B[m
[1m[32m==>(B[m[1m Checking buildtime dependencies...(B[m
[1m[32m==>(B[m[1m Entering fakeroot environment...(B[m
[1m[32m==>(B[m[1m Starting package()...(B[m
[1m[32m==>(B[m[1m Tidying install...(B[m
[1m[34m  ->(B[m[1m Removing libtool files...(B[m
[1m[34m  ->(B[m[1m Purging unwanted files...(B[m
[1m[34m  ->(B[m[1m Removing static library files...(B[m
[1m[34m  ->(B[m[1m Stripping unneeded symbols from binaries and libraries...(B[m
[1m[34m  ->(B[m[1m Compressing man and info pages...(B[m
[1m[32m==>(B[m[1m Checking for packaging issues...(B[m
[1m[32m==>(B[m[1m Creating package "hyprshot"...(B[m
[1m[34m  ->(B[m[1m Generating .PKGINFO file...(B[m
[1m[34m  ->(B[m[1m Generating .BUILDINFO file...(B[m
[1m[34m  ->(B[m[1m Generating .MTREE file...(B[m
[1m[34m  ->(B[m[1m Compressing package...(B[m
[1m[32m==>(B[m[1m Leaving fakeroot environment.(B[m
[1m[32m==>(B[m[1m Finished making: hyprshot 1.3.0-1 (Do 26 Sep 2024 13:03:03 CEST)(B[m
[1m[32m==>(B[m[1m Cleaning up...(B[m
loading packages...
resolving dependencies...
looking for conflicting packages...

Package (3)       Old Version  New Version  Net Change

hyprpicker                     0.3.0-1        0,06 MiB
hyprpicker-debug               0.3.0-1        0,90 MiB
hyprshot          1.3.0-1      1.3.0-1        0,00 MiB

Total Installed Size:  1,00 MiB
Net Upgrade Size:      0,96 MiB

:: Proceed with installation? [Y/n] 
checking keyring...
checking package integrity...
loading package files...
checking for file conflicts...
checking available disk space...
:: Running pre-transaction hooks...
(1/1) Creating Timeshift snapshot before upgrade...
Using system disk as snapshot device for creating snapshots in BTRFS mode
Mounted '/dev/nvme1n1p7' at '/run/timeshift/41591/backup'
btrfs: Quotas are not enabled
Creating new backup...(BTRFS)
Saving to device: /dev/nvme1n1p7, mounted at path: /run/timeshift/41591/backup
Created directory: /run/timeshift/41591/backup/timeshift-btrfs/snapshots/2024-09-26_13-03-03
Created subvolume snapshot: /run/timeshift/41591/backup/timeshift-btrfs/snapshots/2024-09-26_13-03-03/@
Created subvolume snapshot: /run/timeshift/41591/backup/timeshift-btrfs/snapshots/2024-09-26_13-03-03/@home
Created control file: /run/timeshift/41591/backup/timeshift-btrfs/snapshots/2024-09-26_13-03-03/info.json
BTRFS Snapshot saved successfully (0s)
Tagged snapshot '2024-09-26_13-03-03': ondemand
------------------------------------------------------------------------------
Mounted '/dev/nvme1n1p7' at '/run/timeshift/41729/backup'
btrfs: Quotas are not enabled
------------------------------------------------------------------------------
Removing snapshot: 2024-09-25_10-22-48
Deleting subvolume: @home (Id:1405)
Deleted subvolume: @home (Id:1405)

Deleting subvolume: @ (Id:1404)
Deleted subvolume: @ (Id:1404)

Deleted directory: /run/timeshift/41729/backup/timeshift-btrfs/snapshots/2024-09-25_10-22-48
Removed snapshot: 2024-09-25_10-22-48
------------------------------------------------------------------------------
Generating grub configuration file ...
Found theme: /boot/grub/themes/catppuccin-mocha/theme.txt
Found linux image: /boot/vmlinuz-linux-zen
Found initrd image: /boot/amd-ucode.img /boot/initramfs-linux-zen.img
Found fallback initrd image(s) in /boot:  amd-ucode.img initramfs-linux-zen-fallback.img
Found linux image: /boot/vmlinuz-linux
Found initrd image: /boot/amd-ucode.img /boot/initramfs-linux.img
Found fallback initrd image(s) in /boot:  amd-ucode.img initramfs-linux-fallback.img
Warning: os-prober will be executed to detect other bootable partitions.
Its output will be used to detect bootable binaries on them and create new boot entries.
Found Windows Boot Manager on /dev/nvme1n1p1@/EFI/Microsoft/Boot/bootmgfw.efi
Adding boot menu entry for UEFI Firmware Settings ...
Detecting snapshots ...
Found snapshot: 2024-09-26 13:03:03 | timeshift-btrfs/snapshots/2024-09-26_13-03-03/@ | ondemand       | {timeshift-autosnap} {created before upgrade}   |
Found snapshot: 2024-09-26 13:02:43 | timeshift-btrfs/snapshots/2024-09-26_13-02-43/@ | ondemand       | {timeshift-autosnap} {created before upgrade}   |
Found snapshot: 2024-09-25 21:24:00 | timeshift-btrfs/snapshots/2024-09-25_21-24-00/@ | ondemand daily | {timeshift-autosnap} {created before upgrade}   |
Found snapshot: 2024-09-24 20:00:00 | timeshift-btrfs/snapshots/2024-09-24_20-00-00/@ | daily          | N/A                                             |
Found snapshot: 2024-09-24 19:00:01 | timeshift-btrfs/snapshots/2024-09-24_19-00-01/@ | weekly         | N/A                                             |
Found snapshot: 2024-09-20 21:22:10 | timeshift-btrfs/snapshots/2024-09-20_21-24-52/@ | ondemand       | Before restoring 'Do 19 Sep 2024 23:00:00 CEST' |
Found 6 snapshot(s)
Unmount /tmp/grub-btrfs.6qCKyLKx3F .. Success
Found memtest86+ image: /boot/memtest86+/memtest.bin
/usr/bin/grub-probe: warning: unknown device type nvme1n1.
Found memtest86+ EFI image: /boot/memtest86+/memtest.efi
/usr/bin/grub-probe: warning: unknown device type nvme1n1.
done
:: Processing package changes...
installing hyprpicker...
Optional dependencies for hyprpicker
    wl-clipboard: Allows --autocopy to automatically copy the output to the clipboard. [installed]
installing hyprpicker-debug...
reinstalling hyprshot...
:: Running post-transaction hooks...
(1/1) Arming ConditionNeedsUpdate...
