
2024/04/21 (07:55:53) | ===> btop++ v.1.3.2
2024/04/21 (07:55:53) | INFO: Logger set to DEBUG
2024/04/21 (07:55:53) | DEBUG: Setting LC_ALL=en_GB.UTF-8
2024/04/21 (07:55:53) | INFO: Running on /dev/pts/1
2024/04/21 (07:55:53) | INFO: Failed to load libnvidia-ml.so, NVIDIA GPUs will not be detected: libnvidia-ml.so.1: cannot open shared object file: No such file or directory
2024/04/21 (07:55:53) | INFO: Failed to load librocm_smi64.so, AMD GPUs will not be detected: librocm_smi64.so.6: cannot open shared object file: No such file or directory
2024/04/21 (07:55:53) | DEBUG: Shared::init() : Initialized.
2024/04/21 (07:55:53) | DEBUG: Loading theme file: /home/activ/.config/btop/themes/catppuccin_mocha.theme

2024/05/01 (16:20:50) | ===> btop++ v.1.3.2
2024/05/01 (16:20:50) | INFO: Logger set to DEBUG
2024/05/01 (16:20:50) | DEBUG: Setting LC_ALL=en_GB.UTF-8
2024/05/01 (16:20:50) | INFO: Running on /dev/pts/0
2024/05/01 (16:20:50) | INFO: Failed to load libnvidia-ml.so, NVIDIA GPUs will not be detected: libnvidia-ml.so.1: cannot open shared object file: No such file or directory
2024/05/01 (16:20:50) | INFO: Failed to load librocm_smi64.so, AMD GPUs will not be detected: librocm_smi64.so.6: cannot open shared object file: No such file or directory
2024/05/01 (16:20:50) | DEBUG: Shared::init() : Initialized.
2024/05/01 (16:20:50) | DEBUG: Loading theme file: /home/activ/.config/btop/themes/catppuccin_mocha.theme
2024/05/01 (16:20:56) | DEBUG: Writing new config file
2024/05/01 (16:20:56) | INFO: Quitting! Runtime: 00:00:06

2024/05/04 (15:25:51) | ===> btop++ v.1.3.2
2024/05/04 (15:25:51) | INFO: Logger set to DEBUG
2024/05/04 (15:25:51) | DEBUG: Setting LC_ALL=en_GB.UTF-8
2024/05/04 (15:25:51) | INFO: Running on /dev/pts/0
2024/05/04 (15:25:51) | INFO: Failed to load libnvidia-ml.so, NVIDIA GPUs will not be detected: libnvidia-ml.so.1: cannot open shared object file: No such file or directory
2024/05/04 (15:25:51) | INFO: Failed to load librocm_smi64.so, AMD GPUs will not be detected: librocm_smi64.so.6: cannot open shared object file: No such file or directory
2024/05/04 (15:25:51) | DEBUG: Shared::init() : Initialized.
2024/05/04 (15:25:51) | DEBUG: Loading theme file: /home/activ/.config/btop/themes/catppuccin_mocha.theme
2024/05/04 (15:25:53) | INFO: Quitting! Runtime: 00:00:02

2024/05/04 (15:26:02) | ===> btop++ v.1.3.2
2024/05/04 (15:26:02) | INFO: Logger set to DEBUG
2024/05/04 (15:26:02) | DEBUG: Setting LC_ALL=en_GB.UTF-8
2024/05/04 (15:26:02) | INFO: Running on /dev/pts/0
2024/05/04 (15:26:02) | INFO: Failed to load libnvidia-ml.so, NVIDIA GPUs will not be detected: libnvidia-ml.so.1: cannot open shared object file: No such file or directory
2024/05/04 (15:26:02) | INFO: Failed to load librocm_smi64.so, AMD GPUs will not be detected: librocm_smi64.so.6: cannot open shared object file: No such file or directory
2024/05/04 (15:26:02) | DEBUG: Shared::init() : Initialized.
2024/05/04 (15:26:02) | DEBUG: Loading theme file: /home/activ/.config/btop/themes/catppuccin_mocha.theme
2024/05/04 (15:28:17) | DEBUG: Loading theme file: /usr/share/btop/themes/whiteout.theme
2024/05/04 (15:28:20) | DEBUG: Loading theme file: /usr/share/btop/themes/whiteout.theme
2024/05/04 (15:28:21) | DEBUG: Loading theme file: /usr/share/btop/themes/tomorrow-night.theme
2024/05/04 (15:28:22) | DEBUG: Loading theme file: /usr/share/btop/themes/whiteout.theme
2024/05/04 (15:28:27) | DEBUG: Loading theme file: /usr/share/btop/themes/whiteout.theme
2024/05/04 (15:28:29) | DEBUG: Loading theme file: /home/activ/.config/btop/themes/catppuccin_frappe.theme
2024/05/04 (15:28:30) | DEBUG: Loading theme file: /home/activ/.config/btop/themes/catppuccin_latte.theme
2024/05/04 (15:28:31) | DEBUG: Loading theme file: /home/activ/.config/btop/themes/catppuccin_macchiato.theme
2024/05/04 (15:28:32) | DEBUG: Loading theme file: /home/activ/.config/btop/themes/catppuccin_mocha.theme
2024/05/04 (15:28:38) | DEBUG: Loading theme file: /home/activ/.config/btop/themes/catppuccin_mocha.theme
2024/05/04 (15:28:39) | DEBUG: Loading theme file: /home/activ/.config/btop/themes/catppuccin_mocha.theme
2024/05/04 (15:28:40) | DEBUG: Loading theme file: /home/activ/.config/btop/themes/catppuccin_mocha.theme
2024/05/04 (15:28:41) | DEBUG: Loading theme file: /home/activ/.config/btop/themes/catppuccin_mocha.theme
2024/05/04 (15:28:42) | DEBUG: Loading theme file: /home/activ/.config/btop/themes/catppuccin_mocha.theme
2024/05/04 (15:28:43) | DEBUG: Loading theme file: /home/activ/.config/btop/themes/catppuccin_mocha.theme
2024/05/04 (15:28:45) | DEBUG: Loading theme file: /home/activ/.config/btop/themes/catppuccin_mocha.theme
2024/05/04 (15:29:00) | DEBUG: Loading theme file: /home/activ/.config/btop/themes/catppuccin_mocha.theme
2024/05/04 (15:29:01) | DEBUG: Loading theme file: /home/activ/.config/btop/themes/catppuccin_mocha.theme
2024/05/04 (15:29:02) | DEBUG: Loading theme file: /home/activ/.config/btop/themes/catppuccin_mocha.theme
2024/05/04 (15:29:03) | DEBUG: Loading theme file: /home/activ/.config/btop/themes/catppuccin_mocha.theme
2024/05/04 (15:30:18) | INFO: Logger set to DEBUG
2024/05/04 (15:30:23) | INFO: Logger set to INFO
2024/05/04 (15:30:24) | INFO: Logger set to DEBUG
2024/05/04 (15:30:28) | INFO: Logger set to DEBUG
2024/05/04 (15:30:28) | INFO: Logger set to INFO
2024/05/04 (15:30:29) | INFO: Logger set to DEBUG
2024/05/04 (15:30:33) | INFO: Logger set to DEBUG
2024/05/04 (15:30:34) | INFO: Logger set to INFO
2024/05/04 (15:34:15) | WARNING: Failed to get disk/partition stats for mount "/run/user/1000/doc" with statvfs error code: 1. Ignoring...

2024/05/04 (23:12:00) | ===> btop++ v.1.3.2
2024/05/04 (23:12:00) | INFO: Logger set to DEBUG
2024/05/04 (23:12:00) | DEBUG: Setting LC_ALL=en_GB.UTF-8
2024/05/04 (23:12:00) | INFO: Running on /dev/pts/0
2024/05/04 (23:12:00) | INFO: Failed to load libnvidia-ml.so, NVIDIA GPUs will not be detected: libnvidia-ml.so.1: cannot open shared object file: No such file or directory
2024/05/04 (23:12:00) | INFO: Failed to load librocm_smi64.so, AMD GPUs will not be detected: librocm_smi64.so.6: cannot open shared object file: No such file or directory
2024/05/04 (23:12:00) | DEBUG: Shared::init() : Initialized.
2024/05/04 (23:12:00) | DEBUG: Loading theme file: /home/activ/.config/btop/themes/catppuccin_mocha.theme
2024/05/04 (23:12:03) | INFO: Quitting! Runtime: 00:00:03

2024/05/04 (23:12:40) | ===> btop++ v.1.3.2
2024/05/04 (23:12:40) | INFO: Logger set to DEBUG
2024/05/04 (23:12:40) | DEBUG: Setting LC_ALL=en_GB.UTF-8
2024/05/04 (23:12:40) | INFO: Running on /dev/pts/0
2024/05/04 (23:12:41) | INFO: Failed to load libnvidia-ml.so, NVIDIA GPUs will not be detected: libnvidia-ml.so.1: cannot open shared object file: No such file or directory
2024/05/04 (23:12:41) | INFO: Failed to load librocm_smi64.so, AMD GPUs will not be detected: librocm_smi64.so.6: cannot open shared object file: No such file or directory
2024/05/04 (23:12:41) | DEBUG: Shared::init() : Initialized.
2024/05/04 (23:12:41) | DEBUG: Loading theme file: /home/activ/.config/btop/themes/catppuccin_mocha.theme
2024/05/04 (23:12:50) | DEBUG: Loading theme file: /home/activ/.config/btop/themes/catppuccin_frappe.theme
2024/05/04 (23:12:52) | DEBUG: Loading theme file: /home/activ/.config/btop/themes/catppuccin_frappe.theme
2024/05/04 (23:14:11) | DEBUG: Writing new config file
2024/05/04 (23:14:11) | INFO: Quitting! Runtime: 00:01:31

2024/05/04 (23:14:12) | ===> btop++ v.1.3.2
2024/05/04 (23:14:12) | INFO: Logger set to DEBUG
2024/05/04 (23:14:12) | DEBUG: Setting LC_ALL=en_GB.UTF-8
2024/05/04 (23:14:12) | INFO: Running on /dev/pts/0
2024/05/04 (23:14:12) | INFO: Failed to load libnvidia-ml.so, NVIDIA GPUs will not be detected: libnvidia-ml.so.1: cannot open shared object file: No such file or directory
2024/05/04 (23:14:12) | INFO: Failed to load librocm_smi64.so, AMD GPUs will not be detected: librocm_smi64.so.6: cannot open shared object file: No such file or directory
2024/05/04 (23:14:12) | DEBUG: Shared::init() : Initialized.
2024/05/04 (23:14:12) | DEBUG: Loading theme file: /home/activ/.config/btop/themes/catppuccin_frappe.theme
2024/05/04 (23:14:48) | DEBUG: Loading theme file: /home/activ/.config/btop/themes/catppuccin_latte.theme
2024/05/04 (23:14:48) | DEBUG: Loading theme file: /home/activ/.config/btop/themes/catppuccin_frappe.theme
2024/05/04 (23:14:49) | DEBUG: Loading theme file: /home/activ/.config/btop/themes/catppuccin_frappe.theme
2024/05/04 (23:15:40) | DEBUG: Loading theme file: /home/activ/.config/btop/themes/catppuccin_frappe.theme
2024/05/04 (23:15:42) | DEBUG: Loading theme file: /home/activ/.config/btop/themes/catppuccin_frappe.theme
2024/05/04 (23:15:46) | DEBUG: Loading theme file: /home/activ/.config/btop/themes/catppuccin_frappe.theme
2024/05/04 (23:16:04) | DEBUG: Writing new config file
2024/05/04 (23:16:04) | INFO: Quitting! Runtime: 00:01:52
